<?xml version="1.0" encoding="UTF-8"?>
<testsuite name="tests.LoginTests" tests="1" skipped="0" failures="0" errors="0" timestamp="2022-06-28T10:20:41" hostname="ALEXPC" time="3.362">
  <properties/>
  <testcase name="successLogin" classname="tests.LoginTests" time="3.362"/>
  <system-out><![CDATA[]]></system-out>
  <system-err><![CDATA[]]></system-err>
</testsuite>
