<?xml version="1.0" encoding="UTF-8"?>
<testsuite name="tests.AddNewCar" tests="1" skipped="1" failures="0" errors="0" timestamp="2022-07-26T11:29:22" hostname="ALEXPC" time="0.0">
  <properties/>
  <testcase name="addNewCarSuccsess" classname="tests.AddNewCar" time="0.0">
    <skipped/>
  </testcase>
  <system-out><![CDATA[]]></system-out>
  <system-err><![CDATA[]]></system-err>
</testsuite>
